服务已启动
/login.html
/Zhuoku063.jpg
/login.js
/getData
服务已启动
/log.html
/favicon.ico
/login.html
/Zhuoku063.jpg
/login.js
/getData
服务已启动
/login.html
/Zhuoku063.jpg
/login.js
/getData
服务已启动
/login.html
/Zhuoku063.jpg
/login.js
/getData
服务已启动
/login.html
/Zhuoku063.jpg
/login.js
/getData
服务已启动
/login.html
/Zhuoku063.jpg
/login.js
/getData
服务已启动
服务已启动
/login.html
/Zhuoku063.jpg
/login.js
/getData
服务已启动
/login.html
/Zhuoku063.jpg
/login.js
/getData
服务已启动
/login.html
/Zhuoku063.jpg
/login.js
/getData
服务已启动
/getData
服务已启动
/login.html
/Zhuoku063.jpg
/login.js
/getData
服务已启动
/login.html
/Zhuoku063.jpg
/login.js
/getData
服务已启动
/login.html
/Zhuoku063.jpg
/login.js
/getData
/login
服务已启动
/login.html
/Zhuoku063.jpg
/login.js
/getData
/login
服务已启动
/login.html
/Zhuoku063.jpg
/login.js
/getData
/login
服务已启动
/login.html
/Zhuoku063.jpg
/login.js
/getData
服务已启动
/log.html
/login.html
/Zhuoku063.jpg
/login.js
/getData
服务已启动
/login.html
/Zhuoku063.jpg
/login.js
/getData
服务已启动
/login
服务已启动
/login.html
/Zhuoku063.jpg
/login.js
/getData
服务已启动
/login
服务已启动
/login
服务已启动
/login
/login.html
/Zhuoku063.jpg
/login.js
服务已启动
/login.html
/Zhuoku063.jpg
/login.js
/getData
服务已启动
/login.html
/Zhuoku063.jpg
/login.js
/getData
/login.html
/Zhuoku063.jpg
/login.js
服务已启动
/login
服务已启动
/login
服务已启动
/login.html
/Zhuoku063.jpg
/login.js
/getData
服务已启动
/login.html
/Zhuoku063.jpg
/login.js
/getData
服务已启动
/login.html
/Zhuoku063.jpg
/login.js
/getData
服务已启动
/login.html
/Zhuoku063.jpg
/login.js
/getData
服务已启动
/login.html
/Zhuoku063.jpg
/login.js
/getData
服务已启动
/login
/login.html
/Zhuoku063.jpg
/login.js
服务已启动
/login.html
/Zhuoku063.jpg
/login.js
/login
/login.html
/Zhuoku063.jpg
/login.js
服务已启动
/login.html
/Zhuoku063.jpg
/login.js
/login
/login.html
/Zhuoku063.jpg
/login.js
服务已启动
/login
服务已启动
/login.html
/Zhuoku063.jpg
/login.js
/login
服务已启动
/login
服务已启动
/login
服务已启动
/login.html
/Zhuoku063.jpg
/login.js
/login
服务已启动
/login.html
/Zhuoku063.jpg
/login.js
/login
服务已启动
/login
服务已启动
/login.html
/Zhuoku063.jpg
/login.js
/login
/login
服务已启动
/login
服务已启动
/login.html
/Zhuoku063.jpg
/login.js
/login.html
/Zhuoku063.jpg
/login.js
/login
服务已启动
/login.html
/Zhuoku063.jpg
/login.js
/login
/login
服务已启动
服务已启动
/login.html
/Zhuoku063.jpg
/login.js
/login
服务已启动
/login.html
/Zhuoku063.jpg
/login.js
/login
服务已启动
/login.html
/Zhuoku063.jpg
/login.js
/login
/login
服务已启动
/login.html
/Zhuoku063.jpg
/login.js
/login.html
/Zhuoku063.jpg
/login.js
/login
服务已启动
/login.html
/Zhuoku063.jpg
/login.js
/login
服务已启动
服务已启动
/login.html
/Zhuoku063.jpg
/login.js
服务已启动
/login.html
/Zhuoku063.jpg
/login.js
/login
服务已启动
服务已启动
/login.html
/Zhuoku063.jpg
/login.js
/login
服务已启动
/login.html
/Zhuoku063.jpg
/login.js
/login
服务已启动
/login
/login.html
/Zhuoku063.jpg
/login.js
/login
/login.html
/Zhuoku063.jpg
/login.js
服务已启动
/login
/main.html
/login
/main.html
服务已启动
/main.html
/login.html
/login.js
/Zhuoku063.jpg
/login.html
/Zhuoku063.jpg
/login.js
服务已启动
/login.html
/Zhuoku063.jpg
/login.js
/login
/main.html
服务已启动
/login.html
/Zhuoku063.jpg
/login.js
/login
/main.html
/login
服务已启动
/login
/login
/main.html
/page/login.html
/page/login.html
/page/login.html
/page/login.html
/page/login.html
/page/login.html
/page/login.html
/page/login.html
/page/login.html
/page/login.html
/page/login.html
/page/login.html
/page/login.html
/page/login.html
/page/login.html
/page/login.html
/page/login.html
/page/login.html
/page/login.html
/page/login.html
/page/login.html
/page/login.html
/page/login.html
/page/login.html
/page/login.html
/page/login.html
/page/login.html
/page/login.html
/page/login.html
/page/login.html
/page/login.html
/page/login.html
/page/login.html
/page/login.html
/page/login.html
/page/login.html
/page/login.html
/page/login.html
/page/login.html
/page/login.html
/page/login.html
/page/login.html
/page/login.html
/page/login.html
/page/login.html
/page/login.html
/page/login.html
/page/login.html
/page/login.html
/page/login.html
/page/login.html
/page/login.html
/page/login.html
/page/login.html
/page/login.html
/page/login.html
/page/login.html
/page/login.html
/page/login.html
服务已启动
/page/main.html
/page/login.html
/page/login.html
/page/login.html
/page/login.html
/page/login.html
/page/login.html
/page/login.html
/page/login.html
/page/login.html
/page/login.html
/page/login.html
/page/login.html
/page/login.html
/page/login.html
/page/login.html
/page/login.html
/page/login.html
/page/login.html
/page/login.html
/page/main.html
/page/login.html
/page/login.html
/page/login.html
/page/login.html
/page/login.html
/page/login.html
/page/login.html
/page/login.html
/page/login.html
/page/login.html
/page/login.html
/page/login.html
/page/login.html
/page/login.html
/page/login.html
/page/login.html
/page/login.html
/page/login.html
/page/login.html
/page/login.html
/page/login.html
/page/login.html
/page/login.html
/page/login.html
/page/login.html
/page/login.html
/page/login.html
/page/login.html
/page/login.html
/page/login.html
/page/login.html
/page/login.html
/page/login.html
/page/login.html
/page/login.html
/page/login.html
/page/login.html
/page/login.html
/page/login.html
/login.html
/Zhuoku063.jpg
/login.js
/page/login.html
/page/login.html
/page/login.html
/page/login.html
/page/login.html
/page/login.html
/page/login.html
/page/login.html
/page/login.html
/page/login.html
/page/login.html
/page/login.html
/page/login.html
/page/login.html
/page/login.html
/page/login.html
/page/login.html
/page/login.html
/page/login.html
/page/login.html
/page/login.html
/page/login.html
/page/login.html
/page/login.html
/page/login.html
/page/login.html
/page/login.html
/page/login.html
/page/login.html
/page/login.html
/page/login.html
/page/login.html
/page/login.html
/page/login.html
/page/login.html
/page/login.html
/page/login.html
/page/login.html
/page/login.html
/page/login.html
服务已启动
服务已启动
/login.html
/Zhuoku063.jpg
/login.js
/login.html
/login.html
服务已启动
服务已启动
/login.html
/Zhuoku063.jpg
/login.js
/login.html
/login.html
服务已启动
/login.html
/Zhuoku063.jpg
/login.js
/login.html
/login.html
服务已启动
服务已启动
/login.html
/Zhuoku063.jpg
/login.js
/main.html
/login.html
/Zhuoku063.jpg
/login.js
/login
/main.html
/login.html
/Zhuoku063.jpg
/login.js
服务已启动
/login
服务已启动
/main.html
/main.html
/loagin.html
/login.html
/Zhuoku063.jpg
/login.js
/login
/main.html
/login.html
/Zhuoku063.jpg
/login.js
/main.html
/login.html
/Zhuoku063.jpg
/login.js
服务已启动
/login.html
/Zhuoku063.jpg
/login.js
/login
/main.html
服务已启动
/login.html
/Zhuoku063.jpg
/login.js
/favicon.ico
/login.html
服务已启动
服务已启动
/login.html
/Zhuoku063.jpg
/login.js
服务已启动
/login
/main.html
/favicon.ico
服务已启动
服务已启动
/login.html
/Zhuoku063.jpg
/login.js
服务已启动
/login.html
/Zhuoku063.jpg
/login.js
/login.html
/Zhuoku063.jpg
/login.js
/login
服务已启动
服务已启动
/sockjs-node/info
/login.html
/sockjs-node/599/b55ylolc/websocket
/sockjs-node/599/ssmtevdq/xhr_streaming
/login.html
/sockjs-node/599/ssmtevdq/xhr_streaming
/login.html
/sockjs-node/599/ssmtevdq/xhr_streaming
/login.html
/sockjs-node/599/ssmtevdq/xhr_streaming
/login.html
/sockjs-node/599/ssmtevdq/xhr_streaming
/login.html
/sockjs-node/599/ssmtevdq/xhr_streaming
/login.html
/sockjs-node/599/ssmtevdq/xhr_streaming
/login.html
/sockjs-node/599/ssmtevdq/xhr_streaming
/login.html
/sockjs-node/599/ssmtevdq/xhr_streaming
/sockjs-node/iframe.html
/login.html
/Zhuoku063.jpg
/login.js
/
/login.html
/Zhuoku063.jpg
/login.js
/favicon.ico
/login.html
/sockjs-node/599/kj4ws1sw/htmlfile
/login.html
/Zhuoku063.jpg
/login.js
/sockjs-node/iframe.html
/login.html
/Zhuoku063.jpg
/login.js
/sockjs-node/iframe.html
/login.html
/Zhuoku063.jpg
/login.js
/sockjs-node/599/cyxn0fsc/xhr
/login.html
/sockjs-node/599/poaitxgp/jsonp
/login.html
/index.html
/login.html
/Zhuoku063.jpg
/login.js
/favicon.ico
/login.html
/login.html
/Zhuoku063.jpg
/login.js
/favicon.ico
/login.html
服务已启动
服务已启动
/api/login
服务已启动
/login
服务已启动
/login
服务已启动
服务已启动
服务已启动
服务已启动
服务已启动
服务已启动
服务已启动
服务已启动
/login
服务已启动
/login
服务已启动
/login
服务已启动
服务已启动
服务已启动
/login
/login
/login
/login
/login
服务已启动
/login
服务已启动
/login
服务已启动
/login
/login
服务已启动
服务已启动
服务已启动
服务已启动
/login
服务已启动
/login
服务已启动
/login
服务已启动
/login
服务已启动
服务已启动
/custRegister
服务已启动
服务已启动
服务已启动
服务已启动
服务已启动
/custRegister
/custRegister
/custRegister
服务已启动
/custRegister
服务已启动
/custRegister
/custRegister
/custRegister
服务已启动
/custRegister
/custRegister
服务已启动
/login
/allCust
/allCust
服务已启动
/allCust
/allCust
/allCust
服务已启动
/allCust
/allCust
服务已启动
/allCust
服务已启动
/allCust
服务已启动
/allCust
服务已启动
/allCust
服务已启动
/allCust
/allCust
/allCust
/allCust
/allCust
/allCust
/allCust
/allCust
/allCust
/allCust
/allCust
/allCust
/allCust
/allCust
/allCust
/allCust
/allCust
/allCust
/allCust
/allCust
/allCust
/allCust
/allCust
/allCust
/allCust
/allCust
/allCust
/allCust
/allCust
/allCust
/allCust
/allCust
/allCust
/allCust
/allCust
/allCust
/allCust
/allCust
/allCust
/allCust
/allCust
/allCust
/allCust
/allCust
/allCust
/allCust
/allCust
/allCust
/allCust
/allCust
/allCust
/allCust
/allCust
/allCust
/allCust
/allCust
/allCust
/allCust
/allCust
/allCust
/allCust
/allCust
/allCust
/allCust
/allCust
/allCust
/allCust
/allCust
/allCust
/allCust
/allCust
/allCust
/allCust
/allCust
/allCust
/allCust
/allCust
/allCust
/allCust
/allCust
/allCust
/allCust
/allCust
/allCust
/allCust
/allCust
/allCust
/allCust
/allCust
/allCust
/allCust
/allCust
/allCust
/allCust
/allCust
/allCust
/allCust
/allCust
/allCust
/allCust
/allCust
/allCust
/allCust
服务已启动
/deleCus
服务已启动
/allCust
/deleCus
/allCust
服务已启动
/allCust
服务已启动
服务已启动
/allCust
/deleCus
/allCust
/allCust
/allCust
服务已启动
/allCust
/deleCus
/custRegister
/allCust
服务已启动
/login
/allCust
服务已启动
服务已启动
/allCust
/allCust
/allCust
/allCust
/allCust
/allCust
/allCust
/allCust
/allCust
/allCust
/login
/login
/login
/allCust
/allCust
/allCust
/allCust
/allCust
/allCust
/allCust
/allCust
/allCust
服务已启动
/login
/allCust
/allCust
/allCust
/allCust
/allCust
/allCust
/allCust
/allCust
/allCust
/allCust
/allCust
/allCust
/allCust
/allCust
服务已启动
服务已启动
服务已启动
服务已启动
/update
/allCust
/allCust
/allCust
/allCust
/allCust
/allCust
服务已启动
/allCust
/allCust
/update
服务已启动
/login
/allCust
/update
/update
/allCust
/allCust
/allCust
/allCust
/allCust
/update
/allCust
/allCust
/allCust
/login
/allCust
/allCust
服务已启动
/login
/allCust
/allCust
/allCust
服务已启动
服务已启动
/storRegister
/storRegister
服务已启动
服务已启动
/storRegister
服务已启动
/storRegister
服务已启动
/storRegister
/storRegister
/storRegister
/allCust
/allCust
/allStore
/allStore
/allStore
服务已启动
/allStore
/allStore
/allStore
服务已启动
/allStore
/allStore
/allStore
/allStore
/allStore
/allStore
/allStore
/allStore
/allStore
/deleStore
服务已启动
/allStore
/deleStore
/allStore
/allStore
/allCust
服务已启动
/login
/allCust
/allStore
/deleStore
/allStore
/allStore
/allCust
/allCust
/allStore
服务已启动
/allStore
服务已启动
/allStore
/allStore
/allStore
/allStore
/allStore
/allStore
/allStore
/allStore
/allStore
/allStore
/allStore
/allStore
/deleStore
/allStore
/allStore
/allStore
/allStore
/allStore
/allStore
/allStore
/allStore
服务已启动
服务已启动
服务已启动
服务已启动
/allStore
/updateStore
/allStore
/updateStore
/allStore
/updateStore
/allStore
/allStore
/allStore
/allStore
/allStore
/updateStore
/allStore
/updateStore
/allStore
/allCust
/custRegister
/allCust
/custRegister
/custRegister
/allCust
